2024-02-06 13:52:57:5257 [35mhttp[39m: [35mPOST /service/master/product-save 404 167 - 23.343 ms[39m
[35m[39m
2024-02-06 14:05:01:51 [35mhttp[39m: [35mPOST /service/master/product-save 404 167 - 14.488 ms[39m
[35m[39m
2024-02-06 14:12:47:1247 [35mhttp[39m: [35mPOST /service/master/product-save 404 167 - 21.658 ms[39m
[35m[39m
2024-02-06 14:14:12:1412 [35mhttp[39m: [35mPOST /service/master/product-save 200 827 - 56.449 ms[39m
[35m[39m
2024-02-06 14:16:13:1613 [35mhttp[39m: [35mPOST /service/master/product-save 200 46 - 63.288 ms[39m
[35m[39m
2024-02-06 14:19:08:198 [35mhttp[39m: [35mPOST /service/master/product-find-all 200 126 - 40.998 ms[39m
[35m[39m
2024-02-06 14:26:54:2654 [35mhttp[39m: [35mPOST /service/master/product-find-all 200 275 - 34.589 ms[39m
[35m[39m
2024-02-06 14:34:26:3426 [35mhttp[39m: [35mPOST /service/master/product-find-by-id 404 173 - 18.934 ms[39m
[35m[39m
2024-02-06 14:34:42:3442 [35mhttp[39m: [35mGET /service/master/product-find-by-id 200 774 - 15.182 ms[39m
[35m[39m
2024-02-06 14:34:59:3459 [35mhttp[39m: [35mGET /service/master/product-find-by-id?id=1 200 273 - 9.908 ms[39m
[35m[39m
2024-02-06 14:35:51:3551 [35mhttp[39m: [35mGET /service/master/product-save 404 166 - 1.089 ms[39m
[35m[39m
2024-02-06 14:35:56:3556 [35mhttp[39m: [35mPOST /service/master/product-save 200 78 - 7.080 ms[39m
[35m[39m
2024-02-06 15:05:32:532 [35mhttp[39m: [35mPOST /service/master/product-save 200 46 - 47.807 ms[39m
[35m[39m
2024-02-06 15:06:05:65 [35mhttp[39m: [35mPOST /service/master/product-find-all 200 274 - 9.085 ms[39m
[35m[39m
2024-02-06 15:11:11:1111 [35mhttp[39m: [35mPOST /service/master/product-find-all 200 504 - 62.300 ms[39m
[35m[39m
2024-02-06 15:13:54:1354 [35mhttp[39m: [35mGET /service/master/product-find-by-id?id=1 200 273 - 50.394 ms[39m
[35m[39m
2024-02-06 15:14:01:141 [35mhttp[39m: [35mGET /service/master/product-find-by-id?id=2 200 272 - 5.009 ms[39m
[35m[39m
2024-02-06 15:14:16:1416 [35mhttp[39m: [35mPOST /service/master/product-save 200 46 - 30.025 ms[39m
[35m[39m
2024-02-06 15:14:26:1426 [35mhttp[39m: [35mPOST /service/master/product-find-all 200 710 - 5.594 ms[39m
[35m[39m
2024-02-06 15:15:41:1541 [35mhttp[39m: [35mPOST /service/master/product-delete?id=3 200 46 - 20.545 ms[39m
[35m[39m
2024-02-06 15:15:49:1549 [35mhttp[39m: [35mPOST /service/master/product-find-all 200 480 - 3.256 ms[39m
[35m[39m
2024-02-06 15:19:59:1959 [35mhttp[39m: [35mPOST /service/master/product-delete?id=3 200 46 - 62.019 ms[39m
[35m[39m
2024-02-06 15:50:21:5021 [35mhttp[39m: [35mPOST /service/master/product-find-all 200 710 - 274.174 ms[39m
[35m[39m
2024-02-06 16:04:32:432 [35mhttp[39m: [35mPOST /service/master/product-update?id=3 200 46 - 346.620 ms[39m
[35m[39m
2024-02-06 16:17:00:170 [35mhttp[39m: [35mPOST /service/master/product-delete?id=3 200 46 - 17.052 ms[39m
[35m[39m
2024-02-06 16:45:19:4519 [35mhttp[39m: [35mPOST /service/master/product-delete?id=3 200 46 - 36.008 ms[39m
[35m[39m
2024-02-08 17:12:15:1215 [35mhttp[39m: [35mPOST /service/master/saveOrder 404 164 - 111.307 ms[39m
[35m[39m
2024-02-08 17:21:10:2110 [35mhttp[39m: [35mPOST /service/master/saveOrder 404 164 - 2.060 ms[39m
[35m[39m
2024-02-08 17:25:22:2522 [35mhttp[39m: [35mPOST /service/master/saveOrderItems 404 169 - 7.325 ms[39m
[35m[39m
2024-02-09 16:03:44:344 [35mhttp[39m: [35mPOST /service/master/save-product 404 167 - 112.057 ms[39m
[35m[39m
2024-02-09 16:05:23:523 [35mhttp[39m: [35mPOST /service/master/product-save 200 633 - 54.563 ms[39m
[35m[39m
2024-02-09 16:05:53:553 [35mhttp[39m: [35mPOST /service/master/product-save 200 46 - 28.111 ms[39m
[35m[39m
2024-02-09 16:06:13:613 [35mhttp[39m: [35mPOST /service/master/product-save 200 46 - 5.410 ms[39m
[35m[39m
2024-02-09 16:06:14:614 [35mhttp[39m: [35mPOST /service/master/product-save 200 46 - 6.133 ms[39m
[35m[39m
2024-02-09 16:06:15:615 [35mhttp[39m: [35mPOST /service/master/product-save 200 46 - 3.826 ms[39m
[35m[39m
2024-02-09 16:06:33:633 [35mhttp[39m: [35mPOST /service/master/product-save 200 633 - 52.666 ms[39m
[35m[39m
2024-02-09 16:08:10:810 [35mhttp[39m: [35mPOST /service/master/product-save 200 634 - 52.661 ms[39m
[35m[39m
2024-02-09 16:08:30:830 [35mhttp[39m: [35mPOST /service/master/product-save 200 813 - 60.449 ms[39m
[35m[39m
2024-02-09 16:08:39:839 [35mhttp[39m: [35mPOST /service/master/product-save 200 813 - 8.474 ms[39m
[35m[39m
2024-02-09 16:09:26:926 [35mhttp[39m: [35mPOST /service/master/product-save 200 814 - 56.049 ms[39m
[35m[39m
2024-02-09 16:12:18:1218 [35mhttp[39m: [35mPOST /service/master/product-save 200 814 - 52.563 ms[39m
[35m[39m
2024-02-09 16:12:48:1248 [35mhttp[39m: [35mPOST /service/master/product-save 200 814 - 60.049 ms[39m
[35m[39m
2024-02-09 16:23:01:231 [35mhttp[39m: [35mPOST /service/master/product-save 200 891 - 123371.530 ms[39m
[35m[39m
2024-02-09 16:23:45:2345 [35mhttp[39m: [35mPOST /service/master/product-save 200 891 - 30058.279 ms[39m
[35m[39m
2024-02-09 16:26:39:2639 [35mhttp[39m: [35mPOST /service/master/product-save 200 888 - 31803.448 ms[39m
[35m[39m
2024-02-09 16:48:40:4840 [35mhttp[39m: [35mPOST /service/master/product-save 200 888 - 1300581.076 ms[39m
[35m[39m
2024-02-13 09:36:00:360 [35mhttp[39m: [35mPOST /service/master/product-save 200 811 - 218.504 ms[39m
[35m[39m
2024-02-13 09:36:16:3616 [35mhttp[39m: [35mPOST /service/master/product-save 200 811 - 7.401 ms[39m
[35m[39m
2024-02-13 09:36:18:3618 [35mhttp[39m: [35mPOST /service/master/product-save 200 811 - 9.014 ms[39m
[35m[39m
2024-02-13 09:36:19:3619 [35mhttp[39m: [35mPOST /service/master/product-save 200 811 - 4.941 ms[39m
2024-02-12 14:47:08:478 [35mhttp[39m: [35mPUT /service/master/product-increase/3/5 404 174 - 47.629 ms[39m
[35m[39m
2024-02-12 14:47:39:4739 [35mhttp[39m: [35mPUT /service/master/product-increase/3/5 404 174 - 24.545 ms[39m
[35m[39m
2024-02-12 14:48:58:4858 [35mhttp[39m: [35mPUT /service/master/product-increase/3/5 400 46 - 23.388 ms[39m
[35m[39m
2024-02-12 14:52:49:5249 [35mhttp[39m: [35mPUT /service/master/product-increase/3 200 83 - 83.786 ms[39m
[35m[39m
2024-02-12 14:54:04:544 [35mhttp[39m: [35mPUT /service/master/product-increase/3 200 83 - 111.572 ms[39m
[35m[39m
2024-02-12 15:17:39:1739 [35mhttp[39m: [35mPOST /service/master/product-find-all 200 503 - 290.385 ms[39m
[35m[39m
2024-02-12 15:44:29:4429 [35mhttp[39m: [35mGET /service/master/product-find-all 404 170 - 43.022 ms[39m
[35m[39m
2024-02-12 15:44:32:4432 [35mhttp[39m: [35mGET /service/master/product-find-all 404 170 - 3.359 ms[39m
[35m[39m
2024-02-13 10:04:09:49 [35mhttp[39m: [35mPOST /service/master/product-save 200 524 - 20.948 ms[39m
[35m[39m
2024-02-13 10:05:02:52 [35mhttp[39m: [35mPOST /service/master/product-save 200 524 - 4.248 ms[39m
[35m[39m
2024-02-13 10:05:03:53 [35mhttp[39m: [35mPOST /service/master/product-save 200 524 - 4.644 ms[39m
[35m[39m
2024-02-13 10:05:03:53 [35mhttp[39m: [35mPOST /service/master/product-save 200 524 - 2.573 ms[39m
[35m[39m
2024-02-13 10:05:14:514 [35mhttp[39m: [35mPOST /service/master/product-save 200 524 - 4.834 ms[39m
[35m[39m
2024-02-13 10:05:18:518 [35mhttp[39m: [35mPOST /service/master/product-save 200 524 - 4.146 ms[39m
[35m[39m
2024-02-13 10:06:04:64 [35mhttp[39m: [35mPOST /service/master/product-save 200 524 - 3.271 ms[39m
[35m[39m
2024-02-13 10:06:05:65 [35mhttp[39m: [35mPOST /service/master/product-save 200 524 - 3.154 ms[39m
[35m[39m
2024-02-13 10:06:06:66 [35mhttp[39m: [35mPOST /service/master/product-save 200 524 - 5.960 ms[39m
[35m[39m
2024-02-13 10:06:06:66 [35mhttp[39m: [35mPOST /service/master/product-save 200 524 - 3.302 ms[39m
[35m[39m
2024-02-13 10:06:07:67 [35mhttp[39m: [35mPOST /service/master/product-save 200 524 - 2.439 ms[39m
[35m[39m
2024-02-13 10:08:09:89 [35mhttp[39m: [35mPOST /service/master/product-save 200 524 - 28.532 ms[39m
[35m[39m
2024-02-13 10:08:10:810 [35mhttp[39m: [35mPOST /service/master/product-save 200 524 - 5.742 ms[39m
[35m[39m
2024-02-13 10:08:55:855 [35mhttp[39m: [35mPOST /service/master/product-save 200 524 - 33483.228 ms[39m
[35m[39m
2024-02-13 10:43:44:4344 [35mhttp[39m: [35mPOST /service/master/product-save 200 524 - 26.744 ms[39m
[35m[39m
2024-02-13 10:43:48:4348 [35mhttp[39m: [35mPOST /service/master/product-save 200 524 - 3.551 ms[39m
[35m[39m
2024-02-13 10:43:48:4348 [35mhttp[39m: [35mPOST /service/master/product-save 200 524 - 4.040 ms[39m
[35m[39m
2024-02-13 10:43:49:4349 [35mhttp[39m: [35mPOST /service/master/product-save 200 524 - 3.867 ms[39m
[35m[39m
2024-02-13 10:43:49:4349 [35mhttp[39m: [35mPOST /service/master/product-save 200 524 - 3.737 ms[39m
[35m[39m
2024-02-13 10:43:50:4350 [35mhttp[39m: [35mPOST /service/master/product-save 200 524 - 3.181 ms[39m
[35m[39m
2024-02-13 10:43:51:4351 [35mhttp[39m: [35mPOST /service/master/product-save 200 524 - 3.188 ms[39m
[35m[39m
2024-02-13 13:16:23:1623 [35mhttp[39m: [35mPOST /service/master/product-save/:1 404 170 - 98.584 ms[39m
[35m[39m
2024-02-13 13:17:05:175 [35mhttp[39m: [35mPOST /service/master/product-save/1 404 169 - 1.276 ms[39m
[35m[39m
2024-02-13 13:18:48:1848 [35mhttp[39m: [35mPOST /service/master/product-increase/1 404 173 - 1.444 ms[39m
[35m[39m
2024-02-13 13:20:27:2027 [35mhttp[39m: [35mPUT /service/master/product-increase/1 400 49 - 4.683 ms[39m
[35m[39m
2024-02-13 13:21:07:217 [35mhttp[39m: [35mPUT /service/master/product-increase/1 400 49 - 0.894 ms[39m
[35m[39m
2024-02-13 13:21:30:2130 [35mhttp[39m: [35mPUT /service/master/product-increase/1 200 87 - 21.983 ms[39m
[35m[39m
2024-02-13 13:23:34:2334 [35mhttp[39m: [35mPUT /service/master/product-increase/23 400 49 - 0.728 ms[39m
[35m[39m
2024-02-13 13:34:30:3430 [35mhttp[39m: [35mPUT /service/master/product-increase/23 400 49 - 0.862 ms[39m
[35m[39m
2024-02-13 13:34:37:3437 [35mhttp[39m: [35mPUT /service/master/product-increase/23 400 49 - 1.050 ms[39m
[35m[39m
2024-02-13 13:34:43:3443 [35mhttp[39m: [35mPUT /service/master/product-increase/23 400 49 - 0.757 ms[39m
[35m[39m
2024-02-13 13:35:00:350 [35mhttp[39m: [35mPUT /service/master/product-increase/23 400 49 - 0.813 ms[39m
[35m[39m
2024-02-13 13:35:01:351 [35mhttp[39m: [35mPUT /service/master/product-increase/23 400 49 - 0.435 ms[39m
[35m[39m
2024-02-13 13:35:02:352 [35mhttp[39m: [35mPUT /service/master/product-increase/23 400 49 - 0.651 ms[39m
[35m[39m
2024-02-13 13:35:03:353 [35mhttp[39m: [35mPUT /service/master/product-increase/23 400 49 - 0.848 ms[39m
[35m[39m
2024-02-13 13:35:03:353 [35mhttp[39m: [35mPUT /service/master/product-increase/23 400 49 - 0.933 ms[39m
[35m[39m
2024-02-13 13:35:04:354 [35mhttp[39m: [35mPUT /service/master/product-increase/23 400 49 - 0.843 ms[39m
[35m[39m
2024-02-13 13:35:05:355 [35mhttp[39m: [35mPUT /service/master/product-increase/23 400 49 - 0.377 ms[39m
[35m[39m
2024-02-13 13:54:28:5428 [35mhttp[39m: [35mPUT /service/master/product-decrease/23 200 0 - 14.130 ms[39m
[35m[39m
2024-02-13 14:01:02:12 [35mhttp[39m: [35mPUT /service/master/product-decrease/23 200 0 - 1.974 ms[39m
[35m[39m
2024-02-13 14:33:46:3346 [35mhttp[39m: [35mPUT /service/master/product-decrease/23 200 0 - 2.288 ms[39m
[35m[39m
2024-02-13 14:37:30:3730 [35mhttp[39m: [35mPUT /service/master/product-decrease/23 200 0 - 14.692 ms[39m
[35m[39m
2024-02-13 14:50:57:5057 [35mhttp[39m: [35mPUT /service/master/product-decrease 400 49 - 18.763 ms[39m
[35m[39m
2024-02-13 14:53:10:5310 [35mhttp[39m: [35mPUT /service/master/product-decrease 200 0 - 15.616 ms[39m
[35m[39m
2024-02-14 08:54:04:544 [35mhttp[39m: [35mPUT /service/master/product-decrease 200 46 - 43.890 ms[39m
[35m[39m
2024-02-14 09:13:25:1325 [35mhttp[39m: [35mPUT /service/master/product-decrease 200 46 - 51.174 ms[39m
[35m[39m
2024-02-14 09:18:06:186 [35mhttp[39m: [35mPUT /service/master/product-decrease 200 46 - 16.470 ms[39m
[35m[39m
2024-02-14 09:18:28:1828 [35mhttp[39m: [35mPUT /service/master/product-decrease 200 46 - 14.528 ms[39m
[35m[39m
2024-02-14 09:41:57:4157 [35mhttp[39m: [35mPUT /service/master/product-decrease 200 46 - 14.840 ms[39m
2024-02-13 13:56:37:5637 [35mhttp[39m: [35mPUT /service/master/product-increase?orderId=1 404 170 - 4.969 ms[39m
[35m[39m
2024-02-13 14:04:09:49 [35mhttp[39m: [35mPUT /service/master/product-increase?orderId=1 404 170 - 2.001 ms[39m
[35m[39m
2024-02-13 14:21:41:2141 [35mhttp[39m: [35mPUT /service/master/product-increase/3 400 44 - 17.123 ms[39m
[35m[39m
2024-02-13 14:22:04:224 [35mhttp[39m: [35mPUT /service/master/product-increase/3 400 44 - 1.557 ms[39m
[35m[39m
2024-02-13 14:22:24:2224 [35mhttp[39m: [35mPUT /service/master/product-increase/3 400 44 - 0.629 ms[39m
[35m[39m
2024-02-13 14:23:15:2315 [35mhttp[39m: [35mPUT /service/master/product-increase/1 400 44 - 0.397 ms[39m
[35m[39m
2024-02-13 14:26:39:2639 [35mhttp[39m: [35mPUT /service/master/product-increase/1 400 44 - 22.651 ms[39m
[35m[39m
2024-02-13 14:27:59:2759 [35mhttp[39m: [35mPUT /service/master/product-increase/1 200 83 - 23.793 ms[39m
[35m[39m
2024-02-13 14:28:30:2830 [35mhttp[39m: [35mPUT /service/master/product-increase/1 200 83 - 4.476 ms[39m
[35m[39m
2024-02-13 14:29:04:294 [35mhttp[39m: [35mPUT /service/master/product-increase/1 200 83 - 16.442 ms[39m
[35m[39m
2024-02-13 14:44:59:4459 [35mhttp[39m: [35mPUT /service/master/product-increase 404 170 - 14.900 ms[39m
[35m[39m
2024-02-13 14:45:18:4518 [35mhttp[39m: [35mPUT /service/master/product-increase/3 400 51 - 2.785 ms[39m
[35m[39m
2024-02-13 14:45:32:4532 [35mhttp[39m: [35mPUT /service/master/product-increase/'3' 400 51 - 0.683 ms[39m
[35m[39m
2024-02-13 14:48:04:484 [35mhttp[39m: [35mPUT /service/master/1/product-increase 400 51 - 10.146 ms[39m
[35m[39m
2024-02-13 14:48:17:4817 [35mhttp[39m: [35mPUT /service/master/1/product-increase 200 83 - 25.130 ms[39m
[35m[39m
2024-02-13 14:48:48:4848 [35mhttp[39m: [35mPUT /service/master/product-increase/1 200 83 - 36.886 ms[39m
[35m[39m
2024-02-13 14:52:07:527 [35mhttp[39m: [35mPUT /service/master/product-increase?orderId=1 404 170 - 1.744 ms[39m
[35m[39m
2024-02-13 15:01:58:158 [35mhttp[39m: [35mPUT /service/master/product-increase/1 200 83 - 24.169 ms[39m
[35m[39m
2024-02-13 15:01:58:158 [35mhttp[39m: [35mPUT /service/master/product-increase/3 200 83 - 17.569 ms[39m
[35m[39m
2024-02-13 15:06:32:632 [35mhttp[39m: [35mPUT /service/master/product-increase/1 200 83 - 14.904 ms[39m
[35m[39m
2024-02-13 15:06:32:632 [35mhttp[39m: [35mPUT /service/master/product-increase/3 200 83 - 13.464 ms[39m
[35m[39m
2024-02-13 15:32:36:3236 [35mhttp[39m: [35mPUT /service/master/product-increase/1 200 83 - 35.362 ms[39m
[35m[39m
2024-02-13 15:32:37:3237 [35mhttp[39m: [35mPUT /service/master/product-increase/3 200 83 - 21.806 ms[39m
[35m[39m
2024-02-14 09:38:40:3840 [35mhttp[39m: [35mPUT /service/master/product-increase/1 200 83 - 682.778 ms[39m
[35m[39m
2024-02-14 09:38:40:3840 [35mhttp[39m: [35mPUT /service/master/product-increase/3 200 83 - 30.606 ms[39m
[35m[39m
2024-02-14 09:43:59:4359 [35mhttp[39m: [35mPUT /service/master/product-increase/1 200 83 - 26.492 ms[39m
[35m[39m
2024-02-14 09:43:59:4359 [35mhttp[39m: [35mPUT /service/master/product-increase/3 200 83 - 20.340 ms[39m
[35m[39m
2024-02-14 10:16:17:1617 [35mhttp[39m: [35mPUT /service/master/product-increase/1 200 83 - 116.620 ms[39m
[35m[39m
2024-02-14 10:16:17:1617 [35mhttp[39m: [35mPUT /service/master/product-increase/3 200 83 - 18.071 ms[39m
[35m[39m
2024-02-14 10:23:43:2343 [35mhttp[39m: [35mPUT /service/master/product-increase/1 200 83 - 57.931 ms[39m
[35m[39m
2024-02-14 10:23:43:2343 [35mhttp[39m: [35mPUT /service/master/product-increase/3 200 83 - 14.386 ms[39m
[35m[39m
2024-02-14 10:27:15:2715 [35mhttp[39m: [35mPUT /service/master/product-increase/1 200 83 - 89.797 ms[39m
[35m[39m
2024-02-14 10:27:15:2715 [35mhttp[39m: [35mPUT /service/master/product-increase/3 200 83 - 18.922 ms[39m
[35m[39m
2024-02-14 10:45:02:452 [35mhttp[39m: [35mPUT /service/master/product-increase/1 200 83 - 103.818 ms[39m
[35m[39m
2024-02-14 10:45:02:452 [35mhttp[39m: [35mPUT /service/master/product-increase/3 200 83 - 16.380 ms[39m
[35m[39m
2024-02-14 11:11:02:112 [35mhttp[39m: [35mPUT /service/master/product-increase/1 200 83 - 74.900 ms[39m
[35m[39m
2024-02-14 11:11:02:112 [35mhttp[39m: [35mPUT /service/master/product-increase/3 200 83 - 16.754 ms[39m
[35m[39m
2024-02-15 12:41:10:4110 [35mhttp[39m: [35mPUT /service/master/product-increase/1 200 83 - 148.313 ms[39m
[35m[39m
2024-02-15 12:41:10:4110 [35mhttp[39m: [35mPUT /service/master/product-increase/3 200 83 - 11.742 ms[39m
[35m[39m
2024-02-16 10:51:02:512 [35mhttp[39m: [35mPUT /service/master/product-decrease/1 200 83 - 62.634 ms[39m
[35m[39m
2024-02-16 10:51:52:5152 [35mhttp[39m: [35mPUT /service/master/product-decrease/1 200 83 - 40.847 ms[39m
[35m[39m
2024-02-16 10:56:01:561 [35mhttp[39m: [35mPUT /service/master/product-decrease/1 200 83 - 41.248 ms[39m
[35m[39m
2024-02-16 14:23:24:2324 [35mhttp[39m: [35mPUT /service/master/product-decrese/2 404 171 - 194.269 ms[39m
[35m[39m
2024-02-16 14:30:15:3015 [35mhttp[39m: [35mPUT /service/master/product-decrese/2 404 171 - 3.614 ms[39m
[35m[39m
2024-02-16 14:32:22:3222 [35mhttp[39m: [35mPUT /service/master/product-decrease/2 200 83 - 193.576 ms[39m
[35m[39m
2024-02-16 14:32:23:3223 [35mhttp[39m: [35mPUT /service/master/product-decrease/1 200 83 - 26.064 ms[39m
[35m[39m
2024-02-16 14:35:05:355 [35mhttp[39m: [35mPUT /service/master/product-decrease/2 200 83 - 12.083 ms[39m
[35m[39m
2024-02-16 14:35:05:355 [35mhttp[39m: [35mPUT /service/master/product-decrease/1 200 83 - 12.569 ms[39m
[35m[39m
2024-02-19 12:52:06:526 [35mhttp[39m: [35mPUT /service/master/product-increase/1 400 51 - 61.828 ms[39m
[35m[39m
2024-02-19 12:53:30:5330 [35mhttp[39m: [35mPUT /service/master/product-increase/1 400 51 - 1.245 ms[39m
[35m[39m
2024-02-19 12:58:34:5834 [35mhttp[39m: [35mPUT /service/master/product-increase/1 400 51 - 2.261 ms[39m
[35m[39m
2024-02-19 08:52:52:5252 [35mhttp[39m: [35mGET /service/master/product-find-all 304 - - 16.602 ms[39m
[35m[39m
2024-02-19 11:35:36:3536 [35mhttp[39m: [35mGET /service/master/product-find-all 304 - - 33.460 ms[39m
[35m[39m
2024-02-19 11:35:38:3538 [35mhttp[39m: [35mGET /service/master/product-find-all 304 - - 8.918 ms[39m
[35m[39m
2024-02-19 11:35:40:3540 [35mhttp[39m: [35mGET /service/master/product-find-all 304 - - 4.168 ms[39m
[35m[39m
2024-02-19 11:35:40:3540 [35mhttp[39m: [35mGET /service/master/product-find-all 304 - - 4.198 ms[39m
[35m[39m
2024-02-19 11:35:41:3541 [35mhttp[39m: [35mGET /service/master/product-find-all 304 - - 3.880 ms[39m
[35m[39m
2024-02-19 11:35:42:3542 [35mhttp[39m: [35mGET /service/master/product-find-all 304 - - 2.740 ms[39m
[35m[39m
2024-02-19 11:35:45:3545 [35mhttp[39m: [35mGET /service/master/product-find-all 304 - - 3.811 ms[39m
[35m[39m
2024-02-19 11:37:58:3758 [35mhttp[39m: [35mGET /service/master/product-find-all 304 - - 10.329 ms[39m
[35m[39m
2024-02-19 11:38:28:3828 [35mhttp[39m: [35mGET /service/master/product-find-all 304 - - 3.938 ms[39m
[35m[39m
2024-02-19 11:46:08:468 [35mhttp[39m: [35mGET /service/master/product-find-all 304 - - 7.062 ms[39m
[35m[39m
2024-02-19 11:46:10:4610 [35mhttp[39m: [35mGET /service/master/product-find-all 304 - - 3.685 ms[39m
[35m[39m
2024-02-19 11:46:11:4611 [35mhttp[39m: [35mGET /service/master/product-find-all 304 - - 7.729 ms[39m
[35m[39m
2024-02-19 11:46:12:4612 [35mhttp[39m: [35mGET /service/master/product-find-all 304 - - 2.997 ms[39m
[35m[39m
2024-02-19 11:46:13:4613 [35mhttp[39m: [35mGET /service/master/product-find-all 304 - - 3.530 ms[39m
[35m[39m
2024-02-19 11:46:14:4614 [35mhttp[39m: [35mGET /service/master/product-find-all 304 - - 3.247 ms[39m
[35m[39m
2024-02-19 11:46:14:4614 [35mhttp[39m: [35mGET /service/master/product-find-all 304 - - 3.452 ms[39m
[35m[39m
2024-02-19 11:46:15:4615 [35mhttp[39m: [35mGET /service/master/product-find-all 304 - - 4.295 ms[39m
[35m[39m
2024-02-19 11:46:16:4616 [35mhttp[39m: [35mGET /service/master/product-find-all 304 - - 4.357 ms[39m
[35m[39m
2024-02-19 11:46:17:4617 [35mhttp[39m: [35mGET /service/master/product-find-all 304 - - 3.109 ms[39m
[35m[39m
2024-02-19 11:46:59:4659 [35mhttp[39m: [35mGET /service/master/product-find-all 304 - - 2.200 ms[39m
[35m[39m
2024-02-19 11:47:08:478 [35mhttp[39m: [35mGET /service/master/product-find-all 304 - - 2.321 ms[39m
[35m[39m
2024-02-19 11:47:09:479 [35mhttp[39m: [35mGET /service/master/product-find-all 304 - - 2.371 ms[39m
[35m[39m
2024-02-19 11:47:10:4710 [35mhttp[39m: [35mGET /service/master/product-find-all 304 - - 8.186 ms[39m
[35m[39m
2024-02-19 11:47:11:4711 [35mhttp[39m: [35mGET /service/master/product-find-all 304 - - 2.854 ms[39m
[35m[39m
2024-02-19 11:47:41:4741 [35mhttp[39m: [35mGET /service/master/product-find-all 304 - - 2.059 ms[39m
[35m[39m
2024-02-19 11:49:34:4934 [35mhttp[39m: [35mGET /service/master/product-find-all 304 - - 2.619 ms[39m
[35m[39m
2024-02-19 11:49:36:4936 [35mhttp[39m: [35mGET /service/master/product-find-all 304 - - 2.393 ms[39m
[35m[39m
2024-02-19 11:49:38:4938 [35mhttp[39m: [35mGET /service/master/product-find-all 304 - - 4.557 ms[39m
[35m[39m
2024-02-19 11:49:39:4939 [35mhttp[39m: [35mGET /service/master/product-find-all 304 - - 2.767 ms[39m
[35m[39m
2024-02-19 11:49:39:4939 [35mhttp[39m: [35mGET /service/master/product-find-all 304 - - 2.369 ms[39m
[35m[39m
2024-02-19 11:49:42:4942 [35mhttp[39m: [35mGET /service/master/product-find-all 304 - - 3.333 ms[39m
[35m[39m
2024-02-20 09:56:27:5627 [35mhttp[39m: [35mPUT /service/master/product-increase/001 200 83 - 118.878 ms[39m
[35m[39m
2024-02-20 09:56:27:5627 [35mhttp[39m: [35mPUT /service/master/product-increase/002 200 83 - 5.502 ms[39m
[35m[39m
2024-02-20 09:56:51:5651 [35mhttp[39m: [35mPUT /service/master/product-increase/001 200 83 - 5.553 ms[39m
[35m[39m
2024-02-20 09:56:52:5652 [35mhttp[39m: [35mPUT /service/master/product-increase/002 200 83 - 5.530 ms[39m
[35m[39m
2024-02-20 10:00:00:00 [35mhttp[39m: [35mGET /service/master/product-find-all 200 1471 - 6.601 ms[39m
[35m[39m
2024-02-20 10:01:44:144 [35mhttp[39m: [35mGET /service/master/product-find-all 304 - - 2.736 ms[39m
[35m[39m
2024-02-20 10:02:03:23 [35mhttp[39m: [35mGET /service/master/product-find-all 304 - - 2.877 ms[39m
[35m[39m
2024-02-20 10:02:27:227 [35mhttp[39m: [35mGET /service/master/product-find-all 304 - - 2.397 ms[39m
[35m[39m
2024-02-20 10:02:45:245 [35mhttp[39m: [35mGET /service/master/product-find-all 304 - - 3.162 ms[39m
[35m[39m
2024-02-20 10:03:10:310 [35mhttp[39m: [35mGET /service/master/product-find-all 304 - - 3.995 ms[39m
[35m[39m
2024-02-20 10:03:31:331 [35mhttp[39m: [35mGET /service/master/product-find-all 304 - - 2.541 ms[39m
[35m[39m
2024-02-20 10:06:16:616 [35mhttp[39m: [35mGET /service/master/product-find-all 304 - - 2.323 ms[39m
[35m[39m
2024-02-20 10:06:35:635 [35mhttp[39m: [35mGET /service/master/product-find-all 200 1470 - 2.656 ms[39m
[35m[39m
2024-02-20 10:07:06:76 [35mhttp[39m: [35mGET /service/master/product-find-all 304 - - 2.916 ms[39m
[35m[39m
2024-02-20 10:13:02:132 [35mhttp[39m: [35mGET /service/master/product-find-all 304 - - 2.836 ms[39m
[35m[39m
2024-02-20 10:18:18:1818 [35mhttp[39m: [35mGET /service/master/product-find-all 304 - - 2.891 ms[39m
[35m[39m
2024-02-20 10:18:25:1825 [35mhttp[39m: [35mGET /service/master/product-find-all 304 - - 2.073 ms[39m
[35m[39m
2024-02-20 10:18:50:1850 [35mhttp[39m: [35mGET /service/master/product-find-all 304 - - 2.011 ms[39m
[35m[39m
2024-02-20 10:19:00:190 [35mhttp[39m: [35mGET /service/master/product-find-all 304 - - 2.245 ms[39m
[35m[39m
2024-02-20 10:21:14:2114 [35mhttp[39m: [35mGET /service/master/product-find-all 304 - - 1.914 ms[39m
[35m[39m
2024-02-20 10:21:21:2121 [35mhttp[39m: [35mGET /service/master/product-find-all 304 - - 1.678 ms[39m
[35m[39m
2024-02-20 10:22:37:2237 [35mhttp[39m: [35mGET /service/master/product-find-all 304 - - 2.829 ms[39m
[35m[39m
2024-02-20 10:23:07:237 [35mhttp[39m: [35mGET /service/master/product-find-all 304 - - 1.731 ms[39m
[35m[39m
2024-02-20 10:23:37:2337 [35mhttp[39m: [35mGET /service/master/product-find-all 304 - - 1.802 ms[39m
[35m[39m
2024-02-20 10:24:07:247 [35mhttp[39m: [35mGET /service/master/product-find-all 304 - - 1.573 ms[39m
[35m[39m
2024-02-20 10:24:37:2437 [35mhttp[39m: [35mGET /service/master/product-find-all 304 - - 1.566 ms[39m
[35m[39m
2024-02-20 10:25:07:257 [35mhttp[39m: [35mGET /service/master/product-find-all 304 - - 1.777 ms[39m
[35m[39m
2024-02-20 10:25:37:2537 [35mhttp[39m: [35mGET /service/master/product-find-all 304 - - 1.583 ms[39m
[35m[39m
2024-02-20 10:26:07:267 [35mhttp[39m: [35mGET /service/master/product-find-all 304 - - 1.855 ms[39m
[35m[39m
2024-02-20 10:26:37:2637 [35mhttp[39m: [35mGET /service/master/product-find-all 304 - - 1.534 ms[39m
[35m[39m
2024-02-20 10:27:07:277 [35mhttp[39m: [35mGET /service/master/product-find-all 304 - - 2.397 ms[39m
[35m[39m
2024-02-20 10:27:37:2737 [35mhttp[39m: [35mGET /service/master/product-find-all 304 - - 1.717 ms[39m
[35m[39m
2024-02-20 10:28:07:287 [35mhttp[39m: [35mGET /service/master/product-find-all 304 - - 1.524 ms[39m
[35m[39m
2024-02-20 10:28:37:2837 [35mhttp[39m: [35mGET /service/master/product-find-all 304 - - 1.722 ms[39m
[35m[39m
2024-02-20 10:29:07:297 [35mhttp[39m: [35mGET /service/master/product-find-all 304 - - 1.871 ms[39m
[35m[39m
2024-02-20 10:29:37:2937 [35mhttp[39m: [35mGET /service/master/product-find-all 304 - - 2.498 ms[39m
[35m[39m
2024-02-20 10:30:07:307 [35mhttp[39m: [35mGET /service/master/product-find-all 304 - - 1.611 ms[39m
[35m[39m
2024-02-20 10:30:37:3037 [35mhttp[39m: [35mGET /service/master/product-find-all 304 - - 1.585 ms[39m
[35m[39m
2024-02-20 10:31:07:317 [35mhttp[39m: [35mGET /service/master/product-find-all 304 - - 1.813 ms[39m
[35m[39m
2024-02-20 10:31:37:3137 [35mhttp[39m: [35mGET /service/master/product-find-all 304 - - 1.846 ms[39m
[35m[39m
2024-02-20 10:32:07:327 [35mhttp[39m: [35mGET /service/master/product-find-all 304 - - 1.906 ms[39m
[35m[39m
2024-02-20 10:32:37:3237 [35mhttp[39m: [35mGET /service/master/product-find-all 304 - - 2.502 ms[39m
[35m[39m
2024-02-20 10:33:07:337 [35mhttp[39m: [35mGET /service/master/product-find-all 304 - - 1.448 ms[39m
[35m[39m
2024-02-20 10:33:37:3337 [35mhttp[39m: [35mGET /service/master/product-find-all 304 - - 1.709 ms[39m
[35m[39m
2024-02-20 10:34:07:347 [35mhttp[39m: [35mGET /service/master/product-find-all 304 - - 2.790 ms[39m
[35m[39m
2024-02-20 10:34:37:3437 [35mhttp[39m: [35mGET /service/master/product-find-all 304 - - 1.450 ms[39m
[35m[39m
2024-02-20 10:35:07:357 [35mhttp[39m: [35mGET /service/master/product-find-all 304 - - 1.476 ms[39m
[35m[39m
2024-02-20 10:35:37:3537 [35mhttp[39m: [35mGET /service/master/product-find-all 304 - - 1.721 ms[39m
[35m[39m
2024-02-20 10:36:07:367 [35mhttp[39m: [35mGET /service/master/product-find-all 304 - - 1.673 ms[39m
[35m[39m
2024-02-20 10:36:37:3637 [35mhttp[39m: [35mGET /service/master/product-find-all 304 - - 2.213 ms[39m
[35m[39m
2024-02-20 10:37:07:377 [35mhttp[39m: [35mGET /service/master/product-find-all 304 - - 1.669 ms[39m
[35m[39m
2024-02-20 10:37:37:3737 [35mhttp[39m: [35mGET /service/master/product-find-all 304 - - 1.538 ms[39m
[35m[39m
2024-02-20 10:38:07:387 [35mhttp[39m: [35mGET /service/master/product-find-all 304 - - 2.158 ms[39m
[35m[39m
2024-02-20 10:38:37:3837 [35mhttp[39m: [35mGET /service/master/product-find-all 304 - - 1.655 ms[39m
[35m[39m
2024-02-20 10:39:07:397 [35mhttp[39m: [35mGET /service/master/product-find-all 304 - - 2.778 ms[39m
[35m[39m
2024-02-20 10:39:11:3911 [35mhttp[39m: [35mGET /service/master/product-find-all 304 - - 2.324 ms[39m
[35m[39m
2024-02-20 10:39:37:3937 [35mhttp[39m: [35mGET /service/master/product-find-all 304 - - 1.612 ms[39m
[35m[39m
2024-02-20 10:39:41:3941 [35mhttp[39m: [35mGET /service/master/product-find-all 304 - - 1.561 ms[39m
[35m[39m
2024-02-20 10:39:45:3945 [35mhttp[39m: [35mGET /service/master/product-find-all 304 - - 2.063 ms[39m
[35m[39m
2024-02-20 10:40:07:407 [35mhttp[39m: [35mGET /service/master/product-find-all 304 - - 1.586 ms[39m
[35m[39m
2024-02-20 10:40:11:4011 [35mhttp[39m: [35mGET /service/master/product-find-all 304 - - 1.716 ms[39m
[35m[39m
2024-02-20 10:40:15:4015 [35mhttp[39m: [35mGET /service/master/product-find-all 304 - - 1.511 ms[39m
[35m[39m
2024-02-20 10:40:37:4037 [35mhttp[39m: [35mGET /service/master/product-find-all 304 - - 1.488 ms[39m
[35m[39m
2024-02-20 10:40:41:4041 [35mhttp[39m: [35mGET /service/master/product-find-all 304 - - 1.390 ms[39m
[35m[39m
2024-02-20 10:40:45:4045 [35mhttp[39m: [35mGET /service/master/product-find-all 304 - - 1.781 ms[39m
[35m[39m
2024-02-20 10:40:56:4056 [35mhttp[39m: [35mGET /service/master/product-find-all 304 - - 2.672 ms[39m
[35m[39m
2024-02-20 10:41:07:417 [35mhttp[39m: [35mGET /service/master/product-find-all 304 - - 1.735 ms[39m
[35m[39m
2024-02-20 10:41:11:4111 [35mhttp[39m: [35mGET /service/master/product-find-all 304 - - 1.568 ms[39m
[35m[39m
2024-02-20 10:41:15:4115 [35mhttp[39m: [35mGET /service/master/product-find-all 304 - - 1.398 ms[39m
[35m[39m
2024-02-20 10:41:26:4126 [35mhttp[39m: [35mGET /service/master/product-find-all 304 - - 3.031 ms[39m
[35m[39m
2024-02-20 10:41:37:4137 [35mhttp[39m: [35mGET /service/master/product-find-all 304 - - 1.594 ms[39m
[35m[39m
2024-02-20 10:41:41:4141 [35mhttp[39m: [35mGET /service/master/product-find-all 304 - - 1.541 ms[39m
[35m[39m
2024-02-20 10:41:45:4145 [35mhttp[39m: [35mGET /service/master/product-find-all 304 - - 1.847 ms[39m
[35m[39m
2024-02-20 10:41:56:4156 [35mhttp[39m: [35mGET /service/master/product-find-all 304 - - 3.201 ms[39m
[35m[39m
2024-02-20 10:42:07:427 [35mhttp[39m: [35mGET /service/master/product-find-all 304 - - 1.764 ms[39m
[35m[39m
2024-02-20 10:42:11:4211 [35mhttp[39m: [35mGET /service/master/product-find-all 304 - - 1.672 ms[39m
[35m[39m
2024-02-20 10:42:15:4215 [35mhttp[39m: [35mGET /service/master/product-find-all 304 - - 2.647 ms[39m
[35m[39m
2024-02-20 10:42:26:4226 [35mhttp[39m: [35mGET /service/master/product-find-all 304 - - 1.573 ms[39m
[35m[39m
2024-02-20 10:42:37:4237 [35mhttp[39m: [35mGET /service/master/product-find-all 304 - - 1.661 ms[39m
[35m[39m
2024-02-20 10:42:41:4241 [35mhttp[39m: [35mGET /service/master/product-find-all 304 - - 1.571 ms[39m
[35m[39m
2024-02-20 10:42:45:4245 [35mhttp[39m: [35mGET /service/master/product-find-all 304 - - 1.343 ms[39m
[35m[39m
2024-02-20 10:42:56:4256 [35mhttp[39m: [35mGET /service/master/product-find-all 304 - - 2.703 ms[39m
[35m[39m
2024-02-20 10:43:03:433 [35mhttp[39m: [35mGET /service/master/product-find-all 304 - - 1.680 ms[39m
[35m[39m
2024-02-20 10:43:07:437 [35mhttp[39m: [35mGET /service/master/product-find-all 304 - - 1.327 ms[39m
[35m[39m
2024-02-20 10:43:11:4311 [35mhttp[39m: [35mGET /service/master/product-find-all 304 - - 1.368 ms[39m
[35m[39m
2024-02-20 10:43:15:4315 [35mhttp[39m: [35mGET /service/master/product-find-all 304 - - 2.209 ms[39m
[35m[39m
2024-02-20 10:43:45:4345 [35mhttp[39m: [35mGET /service/master/product-find-all 304 - - 2.692 ms[39m
[35m[39m
2024-02-20 10:44:15:4415 [35mhttp[39m: [35mGET /service/master/product-find-all 304 - - 3.039 ms[39m
[35m[39m
2024-02-20 10:44:26:4426 [35mhttp[39m: [35mGET /service/master/product-find-all 304 - - 2.024 ms[39m
[35m[39m
2024-02-20 10:44:45:4445 [35mhttp[39m: [35mGET /service/master/product-find-all 304 - - 1.582 ms[39m
[35m[39m
2024-02-20 10:44:45:4445 [35mhttp[39m: [35mGET /service/master/product-find-all 304 - - 2.319 ms[39m
[35m[39m
2024-02-20 10:44:54:4454 [35mhttp[39m: [35mGET /service/master/product-find-all 304 - - 2.220 ms[39m
[35m[39m
2024-02-20 10:45:15:4515 [35mhttp[39m: [35mGET /service/master/product-find-all 304 - - 2.343 ms[39m
[35m[39m
2024-02-20 10:45:21:4521 [35mhttp[39m: [35mGET /service/master/product-find-all 304 - - 4.858 ms[39m
[35m[39m
2024-02-20 10:45:51:4551 [35mhttp[39m: [35mGET /service/master/product-find-all 304 - - 1.371 ms[39m
[35m[39m
2024-02-20 10:46:21:4621 [35mhttp[39m: [35mGET /service/master/product-find-all 304 - - 1.476 ms[39m
[35m[39m
2024-02-20 10:46:51:4651 [35mhttp[39m: [35mGET /service/master/product-find-all 304 - - 1.595 ms[39m
[35m[39m
2024-02-20 10:47:21:4721 [35mhttp[39m: [35mGET /service/master/product-find-all 304 - - 2.638 ms[39m
[35m[39m
2024-02-20 10:47:51:4751 [35mhttp[39m: [35mGET /service/master/product-find-all 304 - - 2.830 ms[39m
[35m[39m
2024-02-20 10:48:21:4821 [35mhttp[39m: [35mGET /service/master/product-find-all 304 - - 1.571 ms[39m
[35m[39m
2024-02-20 10:48:51:4851 [35mhttp[39m: [35mGET /service/master/product-find-all 304 - - 1.500 ms[39m
[35m[39m
2024-02-20 10:49:21:4921 [35mhttp[39m: [35mGET /service/master/product-find-all 304 - - 1.813 ms[39m
[35m[39m
2024-02-20 10:49:51:4951 [35mhttp[39m: [35mGET /service/master/product-find-all 304 - - 2.532 ms[39m
[35m[39m
2024-02-20 10:50:20:5020 [35mhttp[39m: [35mGET /service/master/product-find-all 304 - - 2.129 ms[39m
[35m[39m
2024-02-20 10:50:21:5021 [35mhttp[39m: [35mGET /service/master/product-find-all 304 - - 1.482 ms[39m
[35m[39m
2024-02-20 10:50:51:5051 [35mhttp[39m: [35mGET /service/master/product-find-all 304 - - 1.622 ms[39m
[35m[39m
2024-02-20 10:51:21:5121 [35mhttp[39m: [35mGET /service/master/product-find-all 304 - - 1.712 ms[39m
[35m[39m
2024-02-20 10:51:51:5151 [35mhttp[39m: [35mGET /service/master/product-find-all 304 - - 1.463 ms[39m
[35m[39m
2024-02-20 10:52:21:5221 [35mhttp[39m: [35mGET /service/master/product-find-all 304 - - 1.656 ms[39m
[35m[39m
2024-02-20 10:52:52:5252 [35mhttp[39m: [35mGET /service/master/product-find-all 304 - - 1.559 ms[39m
[35m[39m
2024-02-20 10:53:22:5322 [35mhttp[39m: [35mGET /service/master/product-find-all 304 - - 1.364 ms[39m
[35m[39m
2024-02-20 10:53:52:5352 [35mhttp[39m: [35mGET /service/master/product-find-all 304 - - 1.851 ms[39m
[35m[39m
2024-02-20 10:54:22:5422 [35mhttp[39m: [35mGET /service/master/product-find-all 304 - - 1.426 ms[39m
[35m[39m
2024-02-20 10:54:52:5452 [35mhttp[39m: [35mGET /service/master/product-find-all 304 - - 1.571 ms[39m
[35m[39m
2024-02-20 10:55:22:5522 [35mhttp[39m: [35mGET /service/master/product-find-all 304 - - 1.654 ms[39m
[35m[39m
2024-02-20 10:55:52:5552 [35mhttp[39m: [35mGET /service/master/product-find-all 304 - - 1.537 ms[39m
[35m[39m
2024-02-20 10:56:22:5622 [35mhttp[39m: [35mGET /service/master/product-find-all 304 - - 1.872 ms[39m
[35m[39m
2024-02-20 10:56:52:5652 [35mhttp[39m: [35mGET /service/master/product-find-all 304 - - 1.544 ms[39m
[35m[39m
2024-02-20 10:57:22:5722 [35mhttp[39m: [35mGET /service/master/product-find-all 304 - - 3.866 ms[39m
[35m[39m
2024-02-20 10:58:50:5850 [35mhttp[39m: [35mGET /service/master/product-find-all 304 - - 5.542 ms[39m
[35m[39m
2024-02-20 10:59:50:5950 [35mhttp[39m: [35mGET /service/master/product-find-all 304 - - 2.483 ms[39m
[35m[39m
2024-02-20 11:00:50:050 [35mhttp[39m: [35mGET /service/master/product-find-all 304 - - 2.378 ms[39m
[35m[39m
2024-02-20 11:01:50:150 [35mhttp[39m: [35mGET /service/master/product-find-all 304 - - 1.828 ms[39m
[35m[39m
2024-02-20 11:02:44:244 [35mhttp[39m: [35mGET /service/master/product-find-all 304 - - 2.072 ms[39m
[35m[39m
2024-02-20 11:02:51:251 [35mhttp[39m: [35mGET /service/master/product-find-all 304 - - 1.518 ms[39m
[35m[39m
2024-02-20 11:03:21:321 [35mhttp[39m: [35mGET /service/master/product-find-all 304 - - 1.579 ms[39m
[35m[39m
2024-02-20 11:03:51:351 [35mhttp[39m: [35mGET /service/master/product-find-all 304 - - 1.784 ms[39m
[35m[39m
2024-02-20 11:04:21:421 [35mhttp[39m: [35mGET /service/master/product-find-all 304 - - 1.360 ms[39m
[35m[39m
2024-02-20 11:04:51:451 [35mhttp[39m: [35mGET /service/master/product-find-all 304 - - 4.152 ms[39m
[35m[39m
2024-02-20 11:05:21:521 [35mhttp[39m: [35mGET /service/master/product-find-all 304 - - 1.575 ms[39m
[35m[39m
2024-02-20 11:05:51:551 [35mhttp[39m: [35mGET /service/master/product-find-all 304 - - 1.597 ms[39m
[35m[39m
2024-02-20 11:06:21:621 [35mhttp[39m: [35mGET /service/master/product-find-all 304 - - 1.752 ms[39m
[35m[39m
2024-02-20 11:06:51:651 [35mhttp[39m: [35mGET /service/master/product-find-all 304 - - 1.435 ms[39m
[35m[39m
2024-02-20 11:12:51:1251 [35mhttp[39m: [35mGET /service/master/product-find-all 304 - - 9.658 ms[39m
[35m[39m
2024-02-20 11:13:21:1321 [35mhttp[39m: [35mGET /service/master/product-find-all 304 - - 2.899 ms[39m
[35m[39m
2024-02-20 11:13:51:1351 [35mhttp[39m: [35mGET /service/master/product-find-all 304 - - 2.328 ms[39m
[35m[39m
2024-02-20 11:14:16:1416 [35mhttp[39m: [35mGET /service/master/product-find-all 304 - - 13.903 ms[39m
[35m[39m
2024-02-20 11:14:20:1420 [35mhttp[39m: [35mGET /service/master/product-find-all 304 - - 3.738 ms[39m
[35m[39m
2024-02-20 11:14:46:1446 [35mhttp[39m: [35mGET /service/master/product-find-all 304 - - 2.155 ms[39m
[35m[39m
2024-02-20 11:15:16:1516 [35mhttp[39m: [35mGET /service/master/product-find-all 304 - - 2.463 ms[39m
[35m[39m
2024-02-20 11:15:46:1546 [35mhttp[39m: [35mGET /service/master/product-find-all 304 - - 2.616 ms[39m
[35m[39m
2024-02-20 11:16:16:1616 [35mhttp[39m: [35mGET /service/master/product-find-all 304 - - 1.844 ms[39m
[35m[39m
2024-02-20 11:16:46:1646 [35mhttp[39m: [35mGET /service/master/product-find-all 304 - - 2.053 ms[39m
[35m[39m
2024-02-20 11:17:01:171 [35mhttp[39m: [35mGET /service/master/product-find-all 304 - - 10.996 ms[39m
[35m[39m
2024-02-20 11:17:16:1716 [35mhttp[39m: [35mGET /service/master/product-find-all 304 - - 2.726 ms[39m
[35m[39m
2024-02-20 11:17:40:1740 [35mhttp[39m: [35mGET /service/master/product-find-all 304 - - 2.518 ms[39m
[35m[39m
2024-02-20 11:17:46:1746 [35mhttp[39m: [35mGET /service/master/product-find-all 304 - - 2.265 ms[39m
[35m[39m
2024-02-20 11:18:16:1816 [35mhttp[39m: [35mGET /service/master/product-find-all 304 - - 2.334 ms[39m
[35m[39m
2024-02-20 11:18:45:1845 [35mhttp[39m: [35mGET /service/master/product-find-all 304 - - 2.712 ms[39m
[35m[39m
2024-02-20 11:18:46:1846 [35mhttp[39m: [35mGET /service/master/product-find-all 304 - - 2.291 ms[39m
[35m[39m
2024-02-20 11:19:06:196 [35mhttp[39m: [35mGET /service/master/product-find-all 304 - - 2.786 ms[39m
[35m[39m
2024-02-20 11:19:15:1915 [35mhttp[39m: [35mGET /service/master/product-find-all 304 - - 2.299 ms[39m
[35m[39m
2024-02-20 11:19:16:1916 [35mhttp[39m: [35mGET /service/master/product-find-all 304 - - 2.858 ms[39m
[35m[39m
2024-02-20 11:19:45:1945 [35mhttp[39m: [35mGET /service/master/product-find-all 304 - - 2.007 ms[39m
[35m[39m
2024-02-20 11:19:46:1946 [35mhttp[39m: [35mGET /service/master/product-find-all 304 - - 1.746 ms[39m
[35m[39m
2024-02-20 11:20:15:2015 [35mhttp[39m: [35mGET /service/master/product-find-all 304 - - 1.856 ms[39m
[35m[39m
2024-02-20 11:20:16:2016 [35mhttp[39m: [35mGET /service/master/product-find-all 304 - - 1.642 ms[39m
[35m[39m
2024-02-20 11:20:45:2045 [35mhttp[39m: [35mGET /service/master/product-find-all 304 - - 3.662 ms[39m
[35m[39m
2024-02-20 11:20:46:2046 [35mhttp[39m: [35mGET /service/master/product-find-all 304 - - 2.306 ms[39m
[35m[39m
2024-02-20 11:21:15:2115 [35mhttp[39m: [35mGET /service/master/product-find-all 304 - - 1.772 ms[39m
[35m[39m
2024-02-20 11:21:16:2116 [35mhttp[39m: [35mGET /service/master/product-find-all 304 - - 1.973 ms[39m
[35m[39m
2024-02-20 11:21:45:2145 [35mhttp[39m: [35mGET /service/master/product-find-all 304 - - 1.847 ms[39m
[35m[39m
2024-02-20 11:21:46:2146 [35mhttp[39m: [35mGET /service/master/product-find-all 304 - - 2.747 ms[39m
[35m[39m
2024-02-20 11:22:15:2215 [35mhttp[39m: [35mGET /service/master/product-find-all 304 - - 3.200 ms[39m
[35m[39m
2024-02-20 11:22:16:2216 [35mhttp[39m: [35mGET /service/master/product-find-all 304 - - 1.554 ms[39m
[35m[39m
2024-02-20 11:22:45:2245 [35mhttp[39m: [35mGET /service/master/product-find-all 304 - - 2.323 ms[39m
[35m[39m
2024-02-20 11:22:46:2246 [35mhttp[39m: [35mGET /service/master/product-find-all 304 - - 1.799 ms[39m
[35m[39m
2024-02-20 11:23:15:2315 [35mhttp[39m: [35mGET /service/master/product-find-all 304 - - 3.589 ms[39m
[35m[39m
2024-02-20 11:23:16:2316 [35mhttp[39m: [35mGET /service/master/product-find-all 304 - - 1.872 ms[39m
[35m[39m
2024-02-20 11:23:45:2345 [35mhttp[39m: [35mGET /service/master/product-find-all 304 - - 1.897 ms[39m
[35m[39m
2024-02-20 11:23:46:2346 [35mhttp[39m: [35mGET /service/master/product-find-all 304 - - 1.552 ms[39m
[35m[39m
2024-02-20 11:24:15:2415 [35mhttp[39m: [35mGET /service/master/product-find-all 304 - - 2.150 ms[39m
[35m[39m
2024-02-20 11:24:16:2416 [35mhttp[39m: [35mGET /service/master/product-find-all 304 - - 2.987 ms[39m
[35m[39m
2024-02-20 11:24:45:2445 [35mhttp[39m: [35mGET /service/master/product-find-all 304 - - 1.667 ms[39m
[35m[39m
2024-02-20 11:24:46:2446 [35mhttp[39m: [35mGET /service/master/product-find-all 304 - - 2.145 ms[39m
[35m[39m
2024-02-20 11:25:15:2515 [35mhttp[39m: [35mGET /service/master/product-find-all 304 - - 1.510 ms[39m
[35m[39m
2024-02-20 11:25:16:2516 [35mhttp[39m: [35mGET /service/master/product-find-all 304 - - 2.139 ms[39m
[35m[39m
2024-02-20 11:25:21:2521 [35mhttp[39m: [35mPUT /service/master/product-decrease 200 132 - 22.820 ms[39m
[35m[39m
2024-02-20 11:25:45:2545 [35mhttp[39m: [35mGET /service/master/product-find-all 304 - - 1.635 ms[39m
[35m[39m
2024-02-20 11:25:46:2546 [35mhttp[39m: [35mGET /service/master/product-find-all 304 - - 2.709 ms[39m
[35m[39m
2024-02-20 11:26:15:2615 [35mhttp[39m: [35mGET /service/master/product-find-all 304 - - 1.803 ms[39m
[35m[39m
2024-02-20 11:26:16:2616 [35mhttp[39m: [35mGET /service/master/product-find-all 304 - - 1.500 ms[39m
[35m[39m
2024-02-20 11:26:45:2645 [35mhttp[39m: [35mGET /service/master/product-find-all 304 - - 1.888 ms[39m
[35m[39m
2024-02-20 11:26:46:2646 [35mhttp[39m: [35mGET /service/master/product-find-all 304 - - 2.239 ms[39m
[35m[39m
2024-02-20 11:27:15:2715 [35mhttp[39m: [35mGET /service/master/product-find-all 304 - - 1.856 ms[39m
[35m[39m
2024-02-20 11:27:16:2716 [35mhttp[39m: [35mGET /service/master/product-find-all 304 - - 2.046 ms[39m
[35m[39m
2024-02-20 11:27:32:2732 [35mhttp[39m: [35mPUT /service/master/product-decrease 200 132 - 1.830 ms[39m
[35m[39m
2024-02-20 11:27:45:2745 [35mhttp[39m: [35mGET /service/master/product-find-all 304 - - 2.160 ms[39m
[35m[39m
2024-02-20 11:27:46:2746 [35mhttp[39m: [35mGET /service/master/product-find-all 304 - - 1.633 ms[39m
[35m[39m
2024-02-20 11:33:22:3322 [35mhttp[39m: [35mGET /service/master/product-find-all 304 - - 3123.993 ms[39m
[35m[39m
2024-02-20 11:33:26:3326 [35mhttp[39m: [35mGET /service/master/product-find-all 200 1470 - 2162.226 ms[39m
[35m[39m
2024-02-20 11:33:29:3329 [35mhttp[39m: [35mPUT /service/master/product-decrease 200 46 - 15037.841 ms[39m
[35m[39m
2024-02-20 11:33:45:3345 [35mhttp[39m: [35mGET /service/master/product-find-all 200 1470 - 17.541 ms[39m
[35m[39m
2024-02-20 11:33:46:3346 [35mhttp[39m: [35mGET /service/master/product-find-all 304 - - 16.172 ms[39m
[35m[39m
2024-02-20 11:34:15:3415 [35mhttp[39m: [35mGET /service/master/product-find-all 304 - - 14.100 ms[39m
[35m[39m
2024-02-20 11:34:16:3416 [35mhttp[39m: [35mGET /service/master/product-find-all 304 - - 19.917 ms[39m
[35m[39m
2024-02-20 11:34:45:3445 [35mhttp[39m: [35mGET /service/master/product-find-all 304 - - 19.297 ms[39m
[35m[39m
2024-02-20 11:34:46:3446 [35mhttp[39m: [35mGET /service/master/product-find-all 304 - - 16.128 ms[39m
[35m[39m
2024-02-20 11:35:15:3515 [35mhttp[39m: [35mGET /service/master/product-find-all 304 - - 15.579 ms[39m
[35m[39m
2024-02-20 11:35:16:3516 [35mhttp[39m: [35mGET /service/master/product-find-all 304 - - 14.414 ms[39m
[35m[39m
2024-02-20 11:35:45:3545 [35mhttp[39m: [35mGET /service/master/product-find-all 304 - - 15.212 ms[39m
[35m[39m
2024-02-20 11:35:46:3546 [35mhttp[39m: [35mGET /service/master/product-find-all 304 - - 16.689 ms[39m
[35m[39m
2024-02-20 11:36:15:3615 [35mhttp[39m: [35mGET /service/master/product-find-all 304 - - 14.453 ms[39m
[35m[39m
2024-02-20 11:36:16:3616 [35mhttp[39m: [35mGET /service/master/product-find-all 304 - - 16.242 ms[39m
[35m[39m
2024-02-20 11:36:45:3645 [35mhttp[39m: [35mGET /service/master/product-find-all 304 - - 12.975 ms[39m
[35m[39m
2024-02-20 11:36:46:3646 [35mhttp[39m: [35mGET /service/master/product-find-all 304 - - 16.616 ms[39m
[35m[39m
2024-02-20 11:37:06:376 [35mhttp[39m: [35mGET /service/master/product-find-all 304 - - 15.516 ms[39m
[35m[39m
2024-02-20 11:37:14:3714 [35mhttp[39m: [35mGET /service/master/product-find-all 304 - - 20.718 ms[39m
[35m[39m
2024-02-20 11:38:14:3814 [35mhttp[39m: [35mGET /service/master/product-find-all 304 - - 9.985 ms[39m
[35m[39m
2024-02-20 11:38:23:3823 [35mhttp[39m: [35mGET /service/master/product-find-all 304 - - 2.954 ms[39m
[35m[39m
2024-02-20 11:38:27:3827 [35mhttp[39m: [35mGET /service/master/product-find-all 304 - - 4.086 ms[39m
[35m[39m
2024-02-20 11:38:34:3834 [35mhttp[39m: [35mPUT /service/master/product-decrease 200 46 - 34.507 ms[39m
[35m[39m
2024-02-20 11:38:42:3842 [35mhttp[39m: [35mGET /service/master/product-find-all 200 1470 - 4.415 ms[39m
[35m[39m
2024-02-20 11:39:12:3912 [35mhttp[39m: [35mGET /service/master/product-find-all 304 - - 2.457 ms[39m
[35m[39m
2024-02-20 11:39:15:3915 [35mhttp[39m: [35mGET /service/master/product-find-all 304 - - 2.954 ms[39m
[35m[39m
2024-02-20 11:39:42:3942 [35mhttp[39m: [35mGET /service/master/product-find-all 304 - - 1.863 ms[39m
[35m[39m
2024-02-20 11:39:44:3944 [35mhttp[39m: [35mGET /service/master/product-find-all 304 - - 2.323 ms[39m
[35m[39m
2024-02-20 11:40:12:4012 [35mhttp[39m: [35mGET /service/master/product-find-all 304 - - 2.843 ms[39m
[35m[39m
2024-02-20 11:40:42:4042 [35mhttp[39m: [35mGET /service/master/product-find-all 304 - - 2.051 ms[39m
[35m[39m
2024-02-20 11:40:54:4054 [35mhttp[39m: [35mGET /service/master/product-find-all 304 - - 2.402 ms[39m
[35m[39m
2024-02-20 11:41:12:4112 [35mhttp[39m: [35mGET /service/master/product-find-all 304 - - 1.860 ms[39m
[35m[39m
2024-02-20 11:41:17:4117 [35mhttp[39m: [35mGET /service/master/product-find-all 304 - - 2.161 ms[39m
[35m[39m
2024-02-20 11:41:18:4118 [35mhttp[39m: [35mGET /service/master/product-find-all 304 - - 2.782 ms[39m
[35m[39m
2024-02-20 11:41:22:4122 [35mhttp[39m: [35mGET /service/master/product-find-all 304 - - 2.444 ms[39m
[35m[39m
2024-02-20 11:41:48:4148 [35mhttp[39m: [35mGET /service/master/product-find-all 304 - - 2.022 ms[39m
[35m[39m
2024-02-20 11:42:18:4218 [35mhttp[39m: [35mGET /service/master/product-find-all 304 - - 1.709 ms[39m
[35m[39m
2024-02-20 11:42:48:4248 [35mhttp[39m: [35mGET /service/master/product-find-all 304 - - 1.667 ms[39m
[35m[39m
2024-02-20 11:43:18:4318 [35mhttp[39m: [35mGET /service/master/product-find-all 304 - - 1.811 ms[39m
[35m[39m
2024-02-20 11:43:51:4351 [35mhttp[39m: [35mGET /service/master/product-find-all 304 - - 4.139 ms[39m
[35m[39m
2024-02-20 11:44:09:449 [35mhttp[39m: [35mGET /service/master/product-find-all 304 - - 2.135 ms[39m
[35m[39m
2024-02-20 11:44:39:4439 [35mhttp[39m: [35mGET /service/master/product-find-all 304 - - 1.523 ms[39m
[35m[39m
2024-02-20 11:44:43:4443 [35mhttp[39m: [35mGET /service/master/product-find-all 304 - - 2.677 ms[39m
[35m[39m
2024-02-20 11:45:09:459 [35mhttp[39m: [35mGET /service/master/product-find-all 304 - - 2.308 ms[39m
[35m[39m
2024-02-20 11:45:09:459 [35mhttp[39m: [35mGET /service/master/product-find-all 304 - - 2.213 ms[39m
[35m[39m
2024-02-20 11:45:20:4520 [35mhttp[39m: [35mPUT /service/master/product-decrease 200 46 - 6.985 ms[39m
[35m[39m
2024-02-20 11:45:20:4520 [35mhttp[39m: [35mGET /service/master/product-find-all 200 1470 - 1.913 ms[39m
[35m[39m
2024-02-20 11:45:39:4539 [35mhttp[39m: [35mGET /service/master/product-find-all 304 - - 2.469 ms[39m
[35m[39m
2024-02-20 11:45:39:4539 [35mhttp[39m: [35mGET /service/master/product-find-all 304 - - 1.522 ms[39m
[35m[39m
2024-02-20 11:46:06:466 [35mhttp[39m: [35mPUT /service/master/product-decrease 200 46 - 6.456 ms[39m
[35m[39m
2024-02-20 11:46:06:466 [35mhttp[39m: [35mGET /service/master/product-find-all 200 1470 - 2.569 ms[39m
[35m[39m
2024-02-20 11:46:09:469 [35mhttp[39m: [35mGET /service/master/product-find-all 304 - - 2.327 ms[39m
[35m[39m
2024-02-20 11:46:09:469 [35mhttp[39m: [35mGET /service/master/product-find-all 304 - - 1.879 ms[39m
[35m[39m
2024-02-20 11:46:39:4639 [35mhttp[39m: [35mGET /service/master/product-find-all 304 - - 1.897 ms[39m
[35m[39m
2024-02-20 11:46:39:4639 [35mhttp[39m: [35mGET /service/master/product-find-all 304 - - 1.981 ms[39m
[35m[39m
2024-02-20 11:47:10:4710 [35mhttp[39m: [35mGET /service/master/product-find-all 304 - - 1.909 ms[39m
[35m[39m
2024-02-20 11:47:10:4710 [35mhttp[39m: [35mGET /service/master/product-find-all 304 - - 2.271 ms[39m
[35m[39m
2024-02-20 11:47:40:4740 [35mhttp[39m: [35mGET /service/master/product-find-all 304 - - 1.880 ms[39m
[35m[39m
2024-02-20 11:47:40:4740 [35mhttp[39m: [35mGET /service/master/product-find-all 304 - - 1.999 ms[39m
[35m[39m
2024-02-20 11:48:10:4810 [35mhttp[39m: [35mGET /service/master/product-find-all 304 - - 2.400 ms[39m
[35m[39m
2024-02-20 11:48:10:4810 [35mhttp[39m: [35mGET /service/master/product-find-all 304 - - 1.498 ms[39m
[35m[39m
2024-02-20 11:48:40:4840 [35mhttp[39m: [35mGET /service/master/product-find-all 304 - - 1.504 ms[39m
[35m[39m
2024-02-20 11:48:40:4840 [35mhttp[39m: [35mGET /service/master/product-find-all 304 - - 1.489 ms[39m
[35m[39m
2024-02-20 11:49:10:4910 [35mhttp[39m: [35mGET /service/master/product-find-all 304 - - 1.872 ms[39m
[35m[39m
2024-02-20 11:49:10:4910 [35mhttp[39m: [35mGET /service/master/product-find-all 304 - - 1.940 ms[39m
[35m[39m
2024-02-20 11:49:40:4940 [35mhttp[39m: [35mGET /service/master/product-find-all 304 - - 1.676 ms[39m
[35m[39m
2024-02-20 11:49:40:4940 [35mhttp[39m: [35mGET /service/master/product-find-all 304 - - 1.528 ms[39m
[35m[39m
2024-02-20 11:50:10:5010 [35mhttp[39m: [35mGET /service/master/product-find-all 304 - - 1.462 ms[39m
[35m[39m
2024-02-20 11:50:10:5010 [35mhttp[39m: [35mGET /service/master/product-find-all 304 - - 1.599 ms[39m
[35m[39m
2024-02-20 11:50:40:5040 [35mhttp[39m: [35mGET /service/master/product-find-all 304 - - 1.495 ms[39m
[35m[39m
2024-02-20 11:50:40:5040 [35mhttp[39m: [35mGET /service/master/product-find-all 304 - - 2.020 ms[39m
[35m[39m
2024-02-20 11:51:09:519 [35mhttp[39m: [35mGET /service/master/product-find-all 304 - - 1.621 ms[39m
[35m[39m
2024-02-20 11:51:09:519 [35mhttp[39m: [35mGET /service/master/product-find-all 304 - - 1.634 ms[39m
[35m[39m
2024-02-20 11:51:39:5139 [35mhttp[39m: [35mGET /service/master/product-find-all 304 - - 1.493 ms[39m
[35m[39m
2024-02-20 11:51:39:5139 [35mhttp[39m: [35mGET /service/master/product-find-all 304 - - 1.576 ms[39m
[35m[39m
2024-02-20 11:52:09:529 [35mhttp[39m: [35mGET /service/master/product-find-all 304 - - 2.814 ms[39m
[35m[39m
2024-02-20 11:52:09:529 [35mhttp[39m: [35mGET /service/master/product-find-all 304 - - 1.874 ms[39m
[35m[39m
2024-02-20 11:52:39:5239 [35mhttp[39m: [35mGET /service/master/product-find-all 304 - - 1.539 ms[39m
[35m[39m
2024-02-20 11:52:39:5239 [35mhttp[39m: [35mGET /service/master/product-find-all 304 - - 1.544 ms[39m
[35m[39m
2024-02-20 11:53:09:539 [35mhttp[39m: [35mGET /service/master/product-find-all 304 - - 1.789 ms[39m
[35m[39m
2024-02-20 11:53:09:539 [35mhttp[39m: [35mGET /service/master/product-find-all 304 - - 2.462 ms[39m
[35m[39m
2024-02-20 11:53:39:5339 [35mhttp[39m: [35mGET /service/master/product-find-all 304 - - 1.556 ms[39m
[35m[39m
2024-02-20 11:53:39:5339 [35mhttp[39m: [35mGET /service/master/product-find-all 304 - - 1.657 ms[39m
[35m[39m
2024-02-20 11:54:09:549 [35mhttp[39m: [35mGET /service/master/product-find-all 304 - - 1.513 ms[39m
[35m[39m
2024-02-20 11:54:09:549 [35mhttp[39m: [35mGET /service/master/product-find-all 304 - - 1.472 ms[39m
[35m[39m
2024-02-20 11:54:39:5439 [35mhttp[39m: [35mGET /service/master/product-find-all 304 - - 2.995 ms[39m
[35m[39m
2024-02-20 11:54:39:5439 [35mhttp[39m: [35mGET /service/master/product-find-all 304 - - 1.553 ms[39m
[35m[39m
2024-02-20 11:55:09:559 [35mhttp[39m: [35mGET /service/master/product-find-all 304 - - 1.549 ms[39m
[35m[39m
2024-02-20 11:55:09:559 [35mhttp[39m: [35mGET /service/master/product-find-all 304 - - 1.714 ms[39m
[35m[39m
2024-02-20 11:55:39:5539 [35mhttp[39m: [35mGET /service/master/product-find-all 304 - - 1.828 ms[39m
[35m[39m
2024-02-20 11:55:39:5539 [35mhttp[39m: [35mGET /service/master/product-find-all 304 - - 2.891 ms[39m
[35m[39m
2024-02-20 11:56:09:569 [35mhttp[39m: [35mGET /service/master/product-find-all 304 - - 2.335 ms[39m
[35m[39m
2024-02-20 11:56:09:569 [35mhttp[39m: [35mGET /service/master/product-find-all 304 - - 1.576 ms[39m
[35m[39m
2024-02-20 11:56:39:5639 [35mhttp[39m: [35mGET /service/master/product-find-all 304 - - 1.718 ms[39m
[35m[39m
2024-02-20 11:56:39:5639 [35mhttp[39m: [35mGET /service/master/product-find-all 304 - - 1.677 ms[39m
[35m[39m
2024-02-20 11:57:09:579 [35mhttp[39m: [35mGET /service/master/product-find-all 304 - - 2.492 ms[39m
[35m[39m
2024-02-20 11:57:09:579 [35mhttp[39m: [35mGET /service/master/product-find-all 304 - - 1.619 ms[39m
[35m[39m
2024-02-20 11:57:39:5739 [35mhttp[39m: [35mGET /service/master/product-find-all 304 - - 1.411 ms[39m
[35m[39m
2024-02-20 11:57:39:5739 [35mhttp[39m: [35mGET /service/master/product-find-all 304 - - 1.684 ms[39m
[35m[39m
2024-02-20 11:58:09:589 [35mhttp[39m: [35mGET /service/master/product-find-all 304 - - 1.390 ms[39m
[35m[39m
2024-02-20 11:58:09:589 [35mhttp[39m: [35mGET /service/master/product-find-all 304 - - 1.936 ms[39m
[35m[39m
